Build started 2012-03-27 오후 10:24:21.
     1>Project "C:\Users\hoyajigi\Documents\Visual Studio 2010\Projects\helloopencl\helloopencl\projects\vstudio\zlib\zlib.vcxproj" on node 2 (build target(s)).
     1>InitializeBuildStatus:
         Touching "Release Library\zlib.unsuccessfulbuild".
       ClCompile:
         C:\Program Files (x86)\Microsoft Visual Studio 10.0\VC\bin\CL.exe /c /Zi /nologo /W3 /WX /Ox /Oi /Oy- /GL /Gm- /EHsc /MT /GS- /Gy /fp:precise /Zc:wchar_t /Zc:forScope /Fo"Release Library\\" /Fd"Release Library\vc100.pdb" /FR"Release Library\\" /Gd /TC /analyze- /errorReport:prompt "..\..\..\..\zlib-1.2.6\adler32.c" "..\..\..\..\zlib-1.2.6\compress.c" "..\..\..\..\zlib-1.2.6\crc32.c" "..\..\..\..\zlib-1.2.6\deflate.c" "..\..\..\..\zlib-1.2.6\infback.c" "..\..\..\..\zlib-1.2.6\inffast.c" "..\..\..\..\zlib-1.2.6\inflate.c" "..\..\..\..\zlib-1.2.6\inftrees.c" "..\..\..\..\zlib-1.2.6\trees.c" "..\..\..\..\zlib-1.2.6\uncompr.c" "..\..\..\..\zlib-1.2.6\zutil.c"
         adler32.c
         compress.c
         crc32.c
         deflate.c
         infback.c
         inffast.c
         inflate.c
         inftrees.c
         trees.c
         uncompr.c
         zutil.c
       Lib:
         C:\Program Files (x86)\Microsoft Visual Studio 10.0\VC\bin\Lib.exe /OUT:"C:\Users\hoyajigi\Documents\Visual Studio 2010\Projects\helloopencl\helloopencl\projects\vstudio\Release Library\zlib.lib" /NOLOGO /LTCG "Release Library\adler32.obj"
         "Release Library\compress.obj"
         "Release Library\crc32.obj"
         "Release Library\deflate.obj"
         "Release Library\infback.obj"
         "Release Library\inffast.obj"
         "Release Library\inflate.obj"
         "Release Library\inftrees.obj"
         "Release Library\trees.obj"
         "Release Library\uncompr.obj"
         "Release Library\zutil.obj"
         zlib.vcxproj -> C:\Users\hoyajigi\Documents\Visual Studio 2010\Projects\helloopencl\helloopencl\projects\vstudio\Release Library\zlib.lib
       BscMake:
         C:\Program Files (x86)\Microsoft Visual Studio 10.0\VC\bin\bscmake.exe /nologo /o"C:\Users\hoyajigi\Documents\Visual Studio 2010\Projects\helloopencl\helloopencl\projects\vstudio\Release Library\zlib.bsc" "Release Library\adler32.sbr" "Release Library\compress.sbr" "Release Library\crc32.sbr" "Release Library\deflate.sbr" "Release Library\infback.sbr" "Release Library\inffast.sbr" "Release Library\inflate.sbr" "Release Library\inftrees.sbr" "Release Library\trees.sbr" "Release Library\uncompr.sbr" "Release Library\zutil.sbr"
       FinalizeBuildStatus:
         Deleting file "Release Library\zlib.unsuccessfulbuild".
         Touching "Release Library\zlib.lastbuildstate".
     1>Done Building Project "C:\Users\hoyajigi\Documents\Visual Studio 2010\Projects\helloopencl\helloopencl\projects\vstudio\zlib\zlib.vcxproj" (build target(s)).

Build succeeded.

Time Elapsed 00:00:00.30
